app/build/intermediates/manifest_merge_blame_file/debug/manifest-merger-blame-debug-report.txt
1<?xml version="1.0" encoding="utf-8"?>
2<manifest xmlns:android="http://schemas.android.com/apk/res/android"
3    package="com.google.mlkit.codelab.objectdetection"
4    android:versionCode="1"
5    android:versionName="1.0" >
6
7    <uses-sdk
8        android:minSdkVersion="23"
8-->src\main\AndroidManifest.xml
9        android:targetSdkVersion="30" />
9-->src\main\AndroidManifest.xml
10
11    <uses-permission android:name="android.permission.INTERNET" />
11-->src\main\AndroidManifest.xml:5:5-67
11-->src\main\AndroidManifest.xml:5:22-64
12
13    <!-- Although the *SdkVersion is captured in gradle build files, this is required for non gradle builds -->
14    <!-- <uses-sdk android:minSdkVersion="14"/> -->
15    <uses-permission android:name="android.permission.ACCESS_NETWORK_STATE" />
15-->[com.google.android.datatransport:transport-backend-cct:2.3.3] AndroidManifest.xml:25:5-79
15-->[com.google.android.datatransport:transport-backend-cct:2.3.3] AndroidManifest.xml:25:22-76
16
17    <application
17-->src\main\AndroidManifest.xml:7:5-31:19
18        android:allowBackup="true"
18-->src\main\AndroidManifest.xml:8:9-35
19        android:appComponentFactory="androidx.core.app.CoreComponentFactory"
19-->[androidx.core:core:1.3.2] AndroidManifest.xml:24:18-86
20        android:debuggable="true"
21        android:extractNativeLibs="false"
22        android:icon="@mipmap/ic_launcher"
22-->src\main\AndroidManifest.xml:9:9-43
23        android:label="@string/app_name"
23-->src\main\AndroidManifest.xml:10:9-41
24        android:roundIcon="@mipmap/ic_launcher_round"
24-->src\main\AndroidManifest.xml:11:9-54
25        android:supportsRtl="true"
25-->src\main\AndroidManifest.xml:12:9-35
26        android:theme="@style/Theme.ObjectDetection" >
26-->src\main\AndroidManifest.xml:13:9-53
27        <activity android:name="com.google.mlkit.codelab.objectdetection.MainActivity" >
27-->src\main\AndroidManifest.xml:14:9-20:20
27-->src\main\AndroidManifest.xml:14:19-47
28            <intent-filter>
28-->src\main\AndroidManifest.xml:15:13-19:29
29                <action android:name="android.intent.action.MAIN" />
29-->src\main\AndroidManifest.xml:16:17-69
29-->src\main\AndroidManifest.xml:16:25-66
30
31                <category android:name="android.intent.category.LAUNCHER" />
31-->src\main\AndroidManifest.xml:18:17-77
31-->src\main\AndroidManifest.xml:18:27-74
32            </intent-filter>
33        </activity>
34
35        <provider
35-->src\main\AndroidManifest.xml:22:9-30:20
36            android:name="androidx.core.content.FileProvider"
36-->src\main\AndroidManifest.xml:23:13-62
37            android:authorities="com.google.mlkit.codelab.objectdetection.fileprovider"
37-->src\main\AndroidManifest.xml:24:13-88
38            android:exported="false"
38-->src\main\AndroidManifest.xml:25:13-37
39            android:grantUriPermissions="true" >
39-->src\main\AndroidManifest.xml:26:13-47
40            <meta-data
40-->src\main\AndroidManifest.xml:27:13-29:54
41                android:name="android.support.FILE_PROVIDER_PATHS"
41-->src\main\AndroidManifest.xml:28:17-67
42                android:resource="@xml/file_paths" />
42-->src\main\AndroidManifest.xml:29:17-51
43        </provider>
44
45        <service
45-->[com.google.mlkit:object-detection:16.2.4] AndroidManifest.xml:8:9-14:19
46            android:name="com.google.mlkit.common.internal.MlKitComponentDiscoveryService"
46-->[com.google.mlkit:object-detection:16.2.4] AndroidManifest.xml:9:13-91
47            android:directBootAware="true"
47-->[com.google.mlkit:common:17.1.1] AndroidManifest.xml:17:13-43
48            android:exported="false" >
48-->[com.google.mlkit:object-detection:16.2.4] AndroidManifest.xml:10:13-37
49            <meta-data
49-->[com.google.mlkit:object-detection:16.2.4] AndroidManifest.xml:11:13-13:85
50                android:name="com.google.firebase.components:com.google.mlkit.vision.objects.defaults.internal.DefaultObjectsRegistrar"
50-->[com.google.mlkit:object-detection:16.2.4] AndroidManifest.xml:12:17-136
51                android:value="com.google.firebase.components.ComponentRegistrar" />
51-->[com.google.mlkit:object-detection:16.2.4] AndroidManifest.xml:13:17-82
52            <meta-data
52-->[com.google.mlkit:vision-internal-vkp:18.1.0] AndroidManifest.xml:11:13-13:85
53                android:name="com.google.firebase.components:com.google.mlkit.vision.vkp.VkpRegistrar"
53-->[com.google.mlkit:vision-internal-vkp:18.1.0] AndroidManifest.xml:12:17-103
54                android:value="com.google.firebase.components.ComponentRegistrar" />
54-->[com.google.mlkit:vision-internal-vkp:18.1.0] AndroidManifest.xml:13:17-82
55            <meta-data
55-->[com.google.mlkit:vision-common:16.4.0] AndroidManifest.xml:12:13-14:85
56                android:name="com.google.firebase.components:com.google.mlkit.vision.common.internal.VisionCommonRegistrar"
56-->[com.google.mlkit:vision-common:16.4.0] AndroidManifest.xml:13:17-124
57                android:value="com.google.firebase.components.ComponentRegistrar" />
57-->[com.google.mlkit:vision-common:16.4.0] AndroidManifest.xml:14:17-82
58            <meta-data
58-->[com.google.mlkit:common:17.1.1] AndroidManifest.xml:20:13-22:85
59                android:name="com.google.firebase.components:com.google.mlkit.common.internal.CommonComponentRegistrar"
59-->[com.google.mlkit:common:17.1.1] AndroidManifest.xml:21:17-120
60                android:value="com.google.firebase.components.ComponentRegistrar" />
60-->[com.google.mlkit:common:17.1.1] AndroidManifest.xml:22:17-82
61        </service>
62
63        <provider
63-->[com.google.mlkit:common:17.1.1] AndroidManifest.xml:9:9-13:38
64            android:name="com.google.mlkit.common.internal.MlKitInitProvider"
64-->[com.google.mlkit:common:17.1.1] AndroidManifest.xml:10:13-78
65            android:authorities="com.google.mlkit.codelab.objectdetection.mlkitinitprovider"
65-->[com.google.mlkit:common:17.1.1] AndroidManifest.xml:11:13-69
66            android:exported="false"
66-->[com.google.mlkit:common:17.1.1] AndroidManifest.xml:12:13-37
67            android:initOrder="99" />
67-->[com.google.mlkit:common:17.1.1] AndroidManifest.xml:13:13-35
68
69        <activity
69-->[com.google.android.gms:play-services-base:17.6.0] AndroidManifest.xml:23:9-26:75
70            android:name="com.google.android.gms.common.api.GoogleApiActivity"
70-->[com.google.android.gms:play-services-base:17.6.0] AndroidManifest.xml:24:13-79
71            android:exported="false"
71-->[com.google.android.gms:play-services-base:17.6.0] AndroidManifest.xml:25:13-37
72            android:theme="@android:style/Theme.Translucent.NoTitleBar" />
72-->[com.google.android.gms:play-services-base:17.6.0] AndroidManifest.xml:26:13-72
73
74        <meta-data
74-->[com.google.android.gms:play-services-basement:17.6.0] AndroidManifest.xml:23:9-25:69
75            android:name="com.google.android.gms.version"
75-->[com.google.android.gms:play-services-basement:17.6.0] AndroidManifest.xml:24:13-58
76            android:value="@integer/google_play_services_version" />
76-->[com.google.android.gms:play-services-basement:17.6.0] AndroidManifest.xml:25:13-66
77
78        <service
78-->[com.google.android.datatransport:transport-backend-cct:2.3.3] AndroidManifest.xml:29:9-35:19
79            android:name="com.google.android.datatransport.runtime.backends.TransportBackendDiscovery"
79-->[com.google.android.datatransport:transport-backend-cct:2.3.3] AndroidManifest.xml:30:13-103
80            android:exported="false" >
80-->[com.google.android.datatransport:transport-backend-cct:2.3.3] AndroidManifest.xml:31:13-37
81            <meta-data
81-->[com.google.android.datatransport:transport-backend-cct:2.3.3] AndroidManifest.xml:32:13-34:39
82                android:name="backend:com.google.android.datatransport.cct.CctBackendFactory"
82-->[com.google.android.datatransport:transport-backend-cct:2.3.3] AndroidManifest.xml:33:17-94
83                android:value="cct" />
83-->[com.google.android.datatransport:transport-backend-cct:2.3.3] AndroidManifest.xml:34:17-36
84        </service>
85        <service
85-->[com.google.android.datatransport:transport-runtime:2.2.6] AndroidManifest.xml:26:9-30:19
86            android:name="com.google.android.datatransport.runtime.scheduling.jobscheduling.JobInfoSchedulerService"
86-->[com.google.android.datatransport:transport-runtime:2.2.6] AndroidManifest.xml:27:13-117
87            android:exported="false"
87-->[com.google.android.datatransport:transport-runtime:2.2.6] AndroidManifest.xml:28:13-37
88            android:permission="android.permission.BIND_JOB_SERVICE" >
88-->[com.google.android.datatransport:transport-runtime:2.2.6] AndroidManifest.xml:29:13-69
89        </service>
90
91        <receiver
91-->[com.google.android.datatransport:transport-runtime:2.2.6] AndroidManifest.xml:32:9-34:40
92            android:name="com.google.android.datatransport.runtime.scheduling.jobscheduling.AlarmManagerSchedulerBroadcastReceiver"
92-->[com.google.android.datatransport:transport-runtime:2.2.6] AndroidManifest.xml:33:13-132
93            android:exported="false" />
93-->[com.google.android.datatransport:transport-runtime:2.2.6] AndroidManifest.xml:34:13-37
94
95        <provider
95-->[androidx.lifecycle:lifecycle-process:2.1.0] AndroidManifest.xml:23:9-27:43
96            android:name="androidx.lifecycle.ProcessLifecycleOwnerInitializer"
96-->[androidx.lifecycle:lifecycle-process:2.1.0] AndroidManifest.xml:24:13-79
97            android:authorities="com.google.mlkit.codelab.objectdetection.lifecycle-process"
97-->[androidx.lifecycle:lifecycle-process:2.1.0] AndroidManifest.xml:25:13-69
98            android:exported="false"
98-->[androidx.lifecycle:lifecycle-process:2.1.0] AndroidManifest.xml:26:13-37
99            android:multiprocess="true" />
99-->[androidx.lifecycle:lifecycle-process:2.1.0] AndroidManifest.xml:27:13-40
100    </application>
101
102</manifest>